# JRE version: Java(TM) SE Runtime Environment (20.0.1+9) (build 20.0.1+9-29)
# Java VM: Java HotSpot(TM) 64-Bit Server VM (20.0.1+9-29, mixed mode, emulated-client, sharing, tiered, compressed oops, compressed class ptrs, g1 gc, windows-amd64)
GC Precious Log:
 CardTable entry size: 512
 Card Set container configuration: InlinePtr #cards 4 size 8 Array Of Cards #cards 16 size 48 Howl #buckets 8 coarsen threshold 3686 Howl Bitmap #cards 512 size 80 coarsen threshold 460 Card regions per heap region 1 cards per card region 4096
 CPUs: 8 total, 8 available
 Memory: 8007M
 Large Page Support: Disabled
 NUMA Support: Disabled
 Compressed Oops: Enabled (Zero based)
 Heap Region Size: 2M
 Heap Min Capacity: 8M
 Heap Initial Capacity: 126M
 Heap Max Capacity: 4G
 Pre-touch: Disabled
 Parallel Workers: 8
 Concurrent Workers: 2
 Concurrent Refinement Workers: 8
 Periodic GC: Disabled
Heap:
 garbage-first heap   total 55296K, used 21664K [0x0000000700000000, 0x0000000800000000)
  region size 2048K, 2 young (4096K), 2 survivors (4096K)
 Metaspace       used 41474K, committed 42112K, reserved 1114112K
  class space    used 5757K, committed 6016K, reserved 1048576K
GC Heap History (15 events):
Event: 0.731 GC heap before
{Heap before GC invocations=0 (full 0):
 garbage-first heap   total 129024K, used 20480K [0x0000000700000000, 0x0000000800000000)
  region size 2048K, 11 young (22528K), 0 survivors (0K)
 Metaspace       used 6767K, committed 6976K, reserved 1114112K
  class space    used 823K, committed 960K, reserved 1048576K
}
Event: 0.737 GC heap after
{Heap after GC invocations=1 (full 0):
 garbage-first heap   total 129024K, used 6776K [0x0000000700000000, 0x0000000800000000)
  region size 2048K, 2 young (4096K), 2 survivors (4096K)
 Metaspace       used 6767K, committed 6976K, reserved 1114112K
  class space    used 823K, committed 960K, reserved 1048576K
}
Event: 1.314 GC heap before
{Heap before GC invocations=1 (full 0):
 garbage-first heap   total 129024K, used 31352K [0x0000000700000000, 0x0000000800000000)
  region size 2048K, 15 young (30720K), 2 survivors (4096K)
 Metaspace       used 12167K, committed 12544K, reserved 1114112K
  class space    used 1616K, committed 1792K, reserved 1048576K
}
Event: 1.321 GC heap after
{Heap after GC invocations=2 (full 0):
 garbage-first heap   total 129024K, used 9463K [0x0000000700000000, 0x0000000800000000)
  region size 2048K, 2 young (4096K), 2 survivors (4096K)
 Metaspace       used 12167K, committed 12544K, reserved 1114112K
  class space    used 1616K, committed 1792K, reserved 1048576K
}
Event: 1.851 GC heap before
{Heap before GC invocations=2 (full 0):
 garbage-first heap   total 129024K, used 52471K [0x0000000700000000, 0x0000000800000000)
  region size 2048K, 25 young (51200K), 2 survivors (4096K)
 Metaspace       used 21183K, committed 21568K, reserved 1114112K
  class space    used 2812K, committed 3008K, reserved 1048576K
}
Event: 1.857 GC heap after
{Heap after GC invocations=3 (full 0):
 garbage-first heap   total 129024K, used 12742K [0x0000000700000000, 0x0000000800000000)
  region size 2048K, 3 young (6144K), 3 survivors (6144K)
 Metaspace       used 21183K, committed 21568K, reserved 1114112K
  class space    used 2812K, committed 3008K, reserved 1048576K
}
Event: 2.315 GC heap before
{Heap before GC invocations=4 (full 0):
 garbage-first heap   total 55296K, used 39366K [0x0000000700000000, 0x0000000800000000)
  region size 2048K, 16 young (32768K), 3 survivors (6144K)
 Metaspace       used 23888K, committed 24256K, reserved 1114112K
  class space    used 3232K, committed 3392K, reserved 1048576K
}
Event: 2.321 GC heap after
{Heap after GC invocations=5 (full 0):
 garbage-first heap   total 55296K, used 14179K [0x0000000700000000, 0x0000000800000000)
  region size 2048K, 2 young (4096K), 2 survivors (4096K)
 Metaspace       used 23888K, committed 24256K, reserved 1114112K
  class space    used 3232K, committed 3392K, reserved 1048576K
}
Event: 2.822 GC heap before
{Heap before GC invocations=5 (full 0):
 garbage-first heap   total 55296K, used 36707K [0x0000000700000000, 0x0000000800000000)
  region size 2048K, 14 young (28672K), 2 survivors (4096K)
 Metaspace       used 27540K, committed 28032K, reserved 1114112K
  class space    used 3802K, committed 4032K, reserved 1048576K
}
Event: 2.827 GC heap after
{Heap after GC invocations=6 (full 0):
 garbage-first heap   total 55296K, used 16374K [0x0000000700000000, 0x0000000800000000)
  region size 2048K, 2 young (4096K), 2 survivors (4096K)
 Metaspace       used 27540K, committed 28032K, reserved 1114112K
  class space    used 3802K, committed 4032K, reserved 1048576K
}
Event: 3.250 GC heap before
{Heap before GC invocations=6 (full 0):
 garbage-first heap   total 55296K, used 42998K [0x0000000700000000, 0x0000000800000000)
  region size 2048K, 15 young (30720K), 2 survivors (4096K)
 Metaspace       used 31014K, committed 31616K, reserved 1114112K
  class space    used 4298K, committed 4544K, reserved 1048576K
}
Event: 3.271 GC heap after
{Heap after GC invocations=7 (full 0):
 garbage-first heap   total 55296K, used 19060K [0x0000000700000000, 0x0000000800000000)
  region size 2048K, 2 young (4096K), 2 survivors (4096K)
 Metaspace       used 31014K, committed 31616K, reserved 1114112K
  class space    used 4298K, committed 4544K, reserved 1048576K
}
Event: 3.660 GC heap before
{Heap before GC invocations=7 (full 0):
 garbage-first heap   total 55296K, used 35444K [0x0000000700000000, 0x0000000800000000)
  region size 2048K, 11 young (22528K), 2 survivors (4096K)
 Metaspace       used 35543K, committed 36160K, reserved 1114112K
  class space    used 4933K, committed 5248K, reserved 1048576K
}
Event: 3.664 GC heap after
{Heap after GC invocations=8 (full 0):
 garbage-first heap   total 55296K, used 19897K [0x0000000700000000, 0x0000000800000000)
  region size 2048K, 1 young (2048K), 1 survivors (2048K)
 Metaspace       used 35543K, committed 36160K, reserved 1114112K
  class space    used 4933K, committed 5248K, reserved 1048576K
}
Event: 5.151 GC heap before
{Heap before GC invocations=9 (full 0):
 garbage-first heap   total 55296K, used 44473K [0x0000000700000000, 0x0000000800000000)
  region size 2048K, 13 young (26624K), 1 survivors (2048K)
 Metaspace       used 41474K, committed 42112K, reserved 1114112K
  class space    used 5757K, committed 6016K, reserved 1048576K
}

